<?xml version="1.0" encoding="UTF-8"?>
<!-- Generated by org.testng.reporters.JUnitXMLReporter -->
<testsuite hostname="DESKTOP-UM6LR8M" name="Sanity2" tests="1" failures="1" timestamp="22 Jul 2017 08:09:07 GMT" time="26.559" errors="0">
  <testcase name="@AfterMethod teardown" time="0.0" classname="com.script.FilterTest">
    <failure type="org.openqa.selenium.remote.SessionNotFoundException" message="
Command duration or timeout: 8 milliseconds
Build info: version: &amp;apos;2.53.1&amp;apos;, revision: &amp;apos;a36b8b1cd5757287168e54b817830adce9b0158d&amp;apos;, time: &amp;apos;2016-06-30 19:26:09&amp;apos;
System info: host: &amp;apos;DESKTOP-UM6LR8M&amp;apos;, ip: &amp;apos;172.20.10.4&amp;apos;, os.name: &amp;apos;Windows 10&amp;apos;, os.arch: &amp;apos;amd64&amp;apos;, os.version: &amp;apos;10.0&amp;apos;, java.version: &amp;apos;1.8.0_131&amp;apos;
Driver info: io.appium.java_client.android.AndroidDriver
Capabilities [{app=D:\newdocument\Abof\ApkFile\abof_com.abof.android.apk, appPackage=com.abof.android, networkConnectionEnabled=true, warnings={}, databaseEnabled=false, deviceName=G5AXB727E236P4Z, platform=LINUX, appActivity=com.abof.android.landingpage.view.LandingPageView, desired={app=D:\newdocument\Abof\ApkFile\abof_com.abof.android.apk, appPackage=com.abof.android, appActivity=com.abof.android.landingpage.view.LandingPageView, platformVersion=6.0.1, automationName=Appium, platformName=Android, udid=G5AXB727E236P4Z, deviceName=G5AXB727E236P4Z}, platformVersion=6.0.1, webStorageEnabled=false, locationContextEnabled=false, automationName=Appium, browserName=Android, takesScreenshot=true, javascriptEnabled=true, platformName=Android, udid=G5AXB727E236P4Z}]
Session ID: 3ca61058-7f94-433f-ae01-ad5b9837682d">
      <![CDATA[org.openqa.selenium.remote.SessionNotFoundException: 
Command duration or timeout: 8 milliseconds
Build info: version: '2.53.1', revision: 'a36b8b1cd5757287168e54b817830adce9b0158d', time: '2016-06-30 19:26:09'
System info: host: 'DESKTOP-UM6LR8M', ip: '172.20.10.4', os.name: 'Windows 10', os.arch: 'amd64', os.version: '10.0', java.version: '1.8.0_131'
Driver info: io.appium.java_client.android.AndroidDriver
Capabilities [{app=D:\newdocument\Abof\ApkFile\abof_com.abof.android.apk, appPackage=com.abof.android, networkConnectionEnabled=true, warnings={}, databaseEnabled=false, deviceName=G5AXB727E236P4Z, platform=LINUX, appActivity=com.abof.android.landingpage.view.LandingPageView, desired={app=D:\newdocument\Abof\ApkFile\abof_com.abof.android.apk, appPackage=com.abof.android, appActivity=com.abof.android.landingpage.view.LandingPageView, platformVersion=6.0.1, automationName=Appium, platformName=Android, udid=G5AXB727E236P4Z, deviceName=G5AXB727E236P4Z}, platformVersion=6.0.1, webStorageEnabled=false, locationContextEnabled=false, automationName=Appium, browserName=Android, takesScreenshot=true, javascriptEnabled=true, platformName=Android, udid=G5AXB727E236P4Z}]
Session ID: 3ca61058-7f94-433f-ae01-ad5b9837682d
	at org.openqa.selenium.remote.ErrorHandler.createThrowable(ErrorHandler.java:206)
	at org.openqa.selenium.remote.ErrorHandler.throwIfResponseFailed(ErrorHandler.java:158)
	at org.openqa.selenium.remote.RemoteWebDriver.execute(RemoteWebDriver.java:678)
	at io.appium.java_client.DefaultGenericMobileDriver.execute(DefaultGenericMobileDriver.java:40)
	at io.appium.java_client.AppiumDriver.execute(AppiumDriver.java:235)
	at org.openqa.selenium.remote.RemoteWebDriver.quit(RemoteWebDriver.java:526)
	at com.libarary.BaseClass.teardown(BaseClass.java:82)
	at java.util.concurrent.FutureTask.run(Unknown Source)
	at java.util.concurrent.ThreadPoolExecutor.runWorker(Unknown Source)
	at java.util.concurrent.ThreadPoolExecutor$Worker.run(Unknown Source)
	at java.lang.Thread.run(Unknown Source)
... Removed 22 stack frames]]>
    </failure>
  </testcase> <!-- @AfterMethod teardown -->
  <testcase name="handleRadioButton" time="10.445" classname="com.script.FilterTest">
    <failure type="org.openqa.selenium.remote.SessionNotFoundException" message="
Command duration or timeout: 24 milliseconds
Build info: version: &amp;apos;2.53.1&amp;apos;, revision: &amp;apos;a36b8b1cd5757287168e54b817830adce9b0158d&amp;apos;, time: &amp;apos;2016-06-30 19:26:09&amp;apos;
System info: host: &amp;apos;DESKTOP-UM6LR8M&amp;apos;, ip: &amp;apos;172.20.10.4&amp;apos;, os.name: &amp;apos;Windows 10&amp;apos;, os.arch: &amp;apos;amd64&amp;apos;, os.version: &amp;apos;10.0&amp;apos;, java.version: &amp;apos;1.8.0_131&amp;apos;
Driver info: io.appium.java_client.android.AndroidDriver
Capabilities [{app=D:\newdocument\Abof\ApkFile\abof_com.abof.android.apk, appPackage=com.abof.android, networkConnectionEnabled=true, warnings={}, databaseEnabled=false, deviceName=G5AXB727E236P4Z, platform=LINUX, appActivity=com.abof.android.landingpage.view.LandingPageView, desired={app=D:\newdocument\Abof\ApkFile\abof_com.abof.android.apk, appPackage=com.abof.android, appActivity=com.abof.android.landingpage.view.LandingPageView, platformVersion=6.0.1, automationName=Appium, platformName=Android, udid=G5AXB727E236P4Z, deviceName=G5AXB727E236P4Z}, platformVersion=6.0.1, webStorageEnabled=false, locationContextEnabled=false, automationName=Appium, browserName=Android, takesScreenshot=true, javascriptEnabled=true, platformName=Android, udid=G5AXB727E236P4Z}]
Session ID: 3ca61058-7f94-433f-ae01-ad5b9837682d
*** Element info: {Using=name, value=MEN}">
      <![CDATA[org.openqa.selenium.remote.SessionNotFoundException: 
Command duration or timeout: 24 milliseconds
Build info: version: '2.53.1', revision: 'a36b8b1cd5757287168e54b817830adce9b0158d', time: '2016-06-30 19:26:09'
System info: host: 'DESKTOP-UM6LR8M', ip: '172.20.10.4', os.name: 'Windows 10', os.arch: 'amd64', os.version: '10.0', java.version: '1.8.0_131'
Driver info: io.appium.java_client.android.AndroidDriver
Capabilities [{app=D:\newdocument\Abof\ApkFile\abof_com.abof.android.apk, appPackage=com.abof.android, networkConnectionEnabled=true, warnings={}, databaseEnabled=false, deviceName=G5AXB727E236P4Z, platform=LINUX, appActivity=com.abof.android.landingpage.view.LandingPageView, desired={app=D:\newdocument\Abof\ApkFile\abof_com.abof.android.apk, appPackage=com.abof.android, appActivity=com.abof.android.landingpage.view.LandingPageView, platformVersion=6.0.1, automationName=Appium, platformName=Android, udid=G5AXB727E236P4Z, deviceName=G5AXB727E236P4Z}, platformVersion=6.0.1, webStorageEnabled=false, locationContextEnabled=false, automationName=Appium, browserName=Android, takesScreenshot=true, javascriptEnabled=true, platformName=Android, udid=G5AXB727E236P4Z}]
Session ID: 3ca61058-7f94-433f-ae01-ad5b9837682d
*** Element info: {Using=name, value=MEN}
	at org.openqa.selenium.remote.ErrorHandler.createThrowable(ErrorHandler.java:206)
	at org.openqa.selenium.remote.ErrorHandler.throwIfResponseFailed(ErrorHandler.java:158)
	at org.openqa.selenium.remote.RemoteWebDriver.execute(RemoteWebDriver.java:678)
	at io.appium.java_client.DefaultGenericMobileDriver.execute(DefaultGenericMobileDriver.java:40)
	at io.appium.java_client.AppiumDriver.execute(AppiumDriver.java:1)
	at io.appium.java_client.android.AndroidDriver.execute(AndroidDriver.java:1)
	at org.openqa.selenium.remote.RemoteWebDriver.findElement(RemoteWebDriver.java:363)
	at io.appium.java_client.DefaultGenericMobileDriver.findElement(DefaultGenericMobileDriver.java:56)
	at io.appium.java_client.AppiumDriver.findElement(AppiumDriver.java:1)
	at io.appium.java_client.android.AndroidDriver.findElement(AndroidDriver.java:1)
	at org.openqa.selenium.remote.RemoteWebDriver.findElementByName(RemoteWebDriver.java:461)
	at io.appium.java_client.DefaultGenericMobileDriver.findElementByName(DefaultGenericMobileDriver.java:104)
	at io.appium.java_client.AppiumDriver.findElementByName(AppiumDriver.java:1)
	at io.appium.java_client.android.AndroidDriver.findElementByName(AndroidDriver.java:1)
	at org.openqa.selenium.By$ByName.findElement(By.java:303)
	at org.openqa.selenium.remote.RemoteWebDriver.findElement(RemoteWebDriver.java:355)
	at io.appium.java_client.DefaultGenericMobileDriver.findElement(DefaultGenericMobileDriver.java:52)
	at io.appium.java_client.AppiumDriver.findElement(AppiumDriver.java:1)
	at io.appium.java_client.android.AndroidDriver.findElement(AndroidDriver.java:1)
	at org.openqa.selenium.support.pagefactory.DefaultElementLocator.findElement(DefaultElementLocator.java:69)
	at org.openqa.selenium.support.pagefactory.internal.LocatingElementHandler.invoke(LocatingElementHandler.java:38)
	at com.sun.proxy.$Proxy8.click(Unknown Source)
	at com.script.FilterTest.handleRadioButton(FilterTest.java:46)
	at java.util.concurrent.FutureTask.run(Unknown Source)
	at java.util.concurrent.ThreadPoolExecutor.runWorker(Unknown Source)
	at java.util.concurrent.ThreadPoolExecutor$Worker.run(Unknown Source)
	at java.lang.Thread.run(Unknown Source)
... Removed 20 stack frames]]>
    </failure>
  </testcase> <!-- handleRadioButton -->
</testsuite> <!-- Sanity2 -->
