<?xml version="1.0" encoding="UTF-8"?>
<!-- Generated by org.testng.reporters.JUnitXMLReporter -->
<testsuite hostname="DESKTOP-VJN2BB9" name="Sanity1" tests="1" failures="1" timestamp="24 Jul 2017 11:12:20 GMT" time="67.31" errors="0">
  <testcase name="verifYToastMessage" time="53.588" classname="com.script.ToastMessage">
    <failure type="java.lang.AssertionError" message="The mesage is not displayed expected [true] but found [false]">
      <![CDATA[java.lang.AssertionError: The mesage is not displayed expected [true] but found [false]
	at com.script.ToastMessage.verifYToastMessage(ToastMessage.java:44)
	at java.util.concurrent.FutureTask.run(FutureTask.java:266)
	at java.util.concurrent.ThreadPoolExecutor.runWorker(ThreadPoolExecutor.java:1142)
	at java.util.concurrent.ThreadPoolExecutor$Worker.run(ThreadPoolExecutor.java:617)
	at java.lang.Thread.run(Thread.java:745)
... Removed 19 stack frames]]>
    </failure>
  </testcase> <!-- verifYToastMessage -->
</testsuite> <!-- Sanity1 -->
